<<<<<<< HEAD
INFO: [VRFC 10-163] Analyzing VHDL file "C:/Users/Wilmer Suarez/Desktop/ESE_345_PROJECT/Multimedia_Unit_Project/Multimedia_Unit_Project.srcs/Multimedia_Processor_tb/new/Multimedia_Processor_tb.vhd" into library xil_defaultlib
=======
INFO: [VRFC 10-163] Analyzing VHDL file "C:/Users/Himanshu/Documents/GitHub/ese345-final-project/Multimedia_Unit_Project/Multimedia_Unit_Project.srcs/sources_1/new/ALU_1.vhd" into library xil_defaultlib
INFO: [VRFC 10-307] analyzing entity multimedia_ALU
INFO: [VRFC 10-163] Analyzing VHDL file "C:/Users/Himanshu/Documents/GitHub/ese345-final-project/Multimedia_Unit_Project/Multimedia_Unit_Project.srcs/sources_1/new/ALU_2.vhd" into library xil_defaultlib
INFO: [VRFC 10-307] analyzing entity multimedia_ALU_2
INFO: [VRFC 10-163] Analyzing VHDL file "C:/Users/Himanshu/Documents/GitHub/ese345-final-project/Multimedia_Unit_Project/Multimedia_Unit_Project.srcs/sources_1/new/ID_EX_WB_REG.vhd" into library xil_defaultlib
INFO: [VRFC 10-307] analyzing entity ID_EX_WB_REG
INFO: [VRFC 10-163] Analyzing VHDL file "C:/Users/Himanshu/Documents/GitHub/ese345-final-project/Multimedia_Unit_Project/Multimedia_Unit_Project.srcs/sources_1/new/IF_ID_REG.vhd" into library xil_defaultlib
INFO: [VRFC 10-307] analyzing entity IF_ID_REG
INFO: [VRFC 10-163] Analyzing VHDL file "C:/Users/Himanshu/Documents/GitHub/ese345-final-project/Multimedia_Unit_Project/Multimedia_Unit_Project.srcs/sources_1/new/program_counter_reg.vhd" into library xil_defaultlib
INFO: [VRFC 10-307] analyzing entity program_counter_reg
INFO: [VRFC 10-163] Analyzing VHDL file "C:/Users/Himanshu/Documents/GitHub/ese345-final-project/Multimedia_Unit_Project/Multimedia_Unit_Project.srcs/sources_1/new/instruction_buffer.vhd" into library xil_defaultlib
INFO: [VRFC 10-307] analyzing entity instruction_buffer
INFO: [VRFC 10-163] Analyzing VHDL file "C:/Users/Himanshu/Documents/GitHub/ese345-final-project/Multimedia_Unit_Project/Multimedia_Unit_Project.srcs/sources_1/new/decoder.vhd" into library xil_defaultlib
INFO: [VRFC 10-307] analyzing entity decoder
INFO: [VRFC 10-163] Analyzing VHDL file "C:/Users/Himanshu/Documents/GitHub/ese345-final-project/Multimedia_Unit_Project/Multimedia_Unit_Project.srcs/sources_1/new/control_unit.vhd" into library xil_defaultlib
INFO: [VRFC 10-307] analyzing entity control_unit
INFO: [VRFC 10-163] Analyzing VHDL file "C:/Users/Himanshu/Documents/GitHub/ese345-final-project/Multimedia_Unit_Project/Multimedia_Unit_Project.srcs/sources_1/new/mux_2.vhd" into library xil_defaultlib
INFO: [VRFC 10-307] analyzing entity mux_2
INFO: [VRFC 10-163] Analyzing VHDL file "C:/Users/Himanshu/Documents/GitHub/ese345-final-project/Multimedia_Unit_Project/Multimedia_Unit_Project.srcs/sources_1/new/register_file.vhd" into library xil_defaultlib
INFO: [VRFC 10-307] analyzing entity register_file
INFO: [VRFC 10-163] Analyzing VHDL file "C:/Users/Himanshu/Documents/GitHub/ese345-final-project/Multimedia_Unit_Project/Multimedia_Unit_Project.srcs/sources_1/new/li_shift.vhd" into library xil_defaultlib
INFO: [VRFC 10-307] analyzing entity li_shift
INFO: [VRFC 10-163] Analyzing VHDL file "C:/Users/Himanshu/Documents/GitHub/ese345-final-project/Multimedia_Unit_Project/Multimedia_Unit_Project.srcs/sources_1/new/mux_3.vhd" into library xil_defaultlib
INFO: [VRFC 10-307] analyzing entity mux_3
INFO: [VRFC 10-163] Analyzing VHDL file "C:/Users/Himanshu/Documents/GitHub/ese345-final-project/Multimedia_Unit_Project/Multimedia_Unit_Project.srcs/sources_1/new/Multimedia_Processor.vhd" into library xil_defaultlib
INFO: [VRFC 10-307] analyzing entity Multimedia_Processor
INFO: [VRFC 10-163] Analyzing VHDL file "C:/Users/Himanshu/Documents/GitHub/ese345-final-project/Multimedia_Unit_Project/Multimedia_Unit_Project.srcs/Multimedia_Processor_tb/new/Multimedia_Processor_tb.vhd" into library xil_defaultlib
>>>>>>> 30880b11b88e631477dbd5cdd3c2ce24c9637e85
INFO: [VRFC 10-307] analyzing entity Multimedia_Processor_tb
