
*** Running vivado
    with args -log Multimedia_Processor.vds -m64 -product Vivado -mode batch -messageDb vivado.pb -notrace -source Multimedia_Processor.tcl


****** Vivado v2017.3.1 (64-bit)
  **** SW Build 2035080 on Fri Oct 20 14:20:01 MDT 2017
  **** IP Build 2034413 on Fri Oct 20 15:56:25 MDT 2017
    ** Copyright 1986-2017 Xilinx, Inc. All Rights Reserved.

source Multimedia_Processor.tcl -notrace
Command: synth_design -top Multimedia_Processor -part xc7a35tcpg236-1
Starting synth_design
Attempting to get a license for feature 'Synthesis' and/or device 'xc7a35t'
INFO: [Common 17-349] Got license for feature 'Synthesis' and/or device 'xc7a35t'
INFO: Launching helper process for spawning children vivado processes
INFO: Helper process launched with PID 17288 
---------------------------------------------------------------------------------
Starting Synthesize : Time (s): cpu = 00:00:07 ; elapsed = 00:00:06 . Memory (MB): peak = 330.465 ; gain = 100.258
---------------------------------------------------------------------------------
INFO: [Synth 8-638] synthesizing module 'Multimedia_Processor' [C:/Users/Wilmer Suarez/Desktop/ESE_345_PROJECT/Multimedia_Unit_Project/Multimedia_Unit_Project.srcs/sources_1/new/Multimedia_Processor.vhd:27]
INFO: [Synth 8-638] synthesizing module 'program_counter_reg' [C:/Users/Wilmer Suarez/Desktop/ESE_345_PROJECT/Multimedia_Unit_Project/Multimedia_Unit_Project.srcs/sources_1/new/program_counter_reg.vhd:27]
INFO: [Synth 8-256] done synthesizing module 'program_counter_reg' (1#1) [C:/Users/Wilmer Suarez/Desktop/ESE_345_PROJECT/Multimedia_Unit_Project/Multimedia_Unit_Project.srcs/sources_1/new/program_counter_reg.vhd:27]
INFO: [Synth 8-638] synthesizing module 'instruction_buffer' [C:/Users/Wilmer Suarez/Desktop/ESE_345_PROJECT/Multimedia_Unit_Project/Multimedia_Unit_Project.srcs/sources_1/new/instruction_buffer.vhd:29]
INFO: [Synth 8-256] done synthesizing module 'instruction_buffer' (2#1) [C:/Users/Wilmer Suarez/Desktop/ESE_345_PROJECT/Multimedia_Unit_Project/Multimedia_Unit_Project.srcs/sources_1/new/instruction_buffer.vhd:29]
INFO: [Synth 8-638] synthesizing module 'IF_ID_REG' [C:/Users/Wilmer Suarez/Desktop/ESE_345_PROJECT/Multimedia_Unit_Project/Multimedia_Unit_Project.srcs/sources_1/new/IF_ID_REG.vhd:24]
WARNING: [Synth 8-6014] Unused sequential element Instruction_Out_reg was removed.  [C:/Users/Wilmer Suarez/Desktop/ESE_345_PROJECT/Multimedia_Unit_Project/Multimedia_Unit_Project.srcs/sources_1/new/IF_ID_REG.vhd:29]
INFO: [Synth 8-256] done synthesizing module 'IF_ID_REG' (3#1) [C:/Users/Wilmer Suarez/Desktop/ESE_345_PROJECT/Multimedia_Unit_Project/Multimedia_Unit_Project.srcs/sources_1/new/IF_ID_REG.vhd:24]
INFO: [Synth 8-638] synthesizing module 'decoder' [C:/Users/Wilmer Suarez/Desktop/ESE_345_PROJECT/Multimedia_Unit_Project/Multimedia_Unit_Project.srcs/sources_1/new/decoder.vhd:33]
INFO: [Synth 8-256] done synthesizing module 'decoder' (4#1) [C:/Users/Wilmer Suarez/Desktop/ESE_345_PROJECT/Multimedia_Unit_Project/Multimedia_Unit_Project.srcs/sources_1/new/decoder.vhd:33]
INFO: [Synth 8-638] synthesizing module 'control_unit' [C:/Users/Wilmer Suarez/Desktop/ESE_345_PROJECT/Multimedia_Unit_Project/Multimedia_Unit_Project.srcs/sources_1/new/control_unit.vhd:29]
INFO: [Synth 8-256] done synthesizing module 'control_unit' (5#1) [C:/Users/Wilmer Suarez/Desktop/ESE_345_PROJECT/Multimedia_Unit_Project/Multimedia_Unit_Project.srcs/sources_1/new/control_unit.vhd:29]
INFO: [Synth 8-638] synthesizing module 'mux_2' [C:/Users/Wilmer Suarez/Desktop/ESE_345_PROJECT/Multimedia_Unit_Project/Multimedia_Unit_Project.srcs/sources_1/new/mux_2.vhd:25]
INFO: [Synth 8-226] default block is never used [C:/Users/Wilmer Suarez/Desktop/ESE_345_PROJECT/Multimedia_Unit_Project/Multimedia_Unit_Project.srcs/sources_1/new/mux_2.vhd:27]
INFO: [Synth 8-256] done synthesizing module 'mux_2' (6#1) [C:/Users/Wilmer Suarez/Desktop/ESE_345_PROJECT/Multimedia_Unit_Project/Multimedia_Unit_Project.srcs/sources_1/new/mux_2.vhd:25]
INFO: [Synth 8-638] synthesizing module 'register_file' [C:/Users/Wilmer Suarez/Desktop/ESE_345_PROJECT/Multimedia_Unit_Project/Multimedia_Unit_Project.srcs/sources_1/new/register_file.vhd:38]
INFO: [Synth 8-256] done synthesizing module 'register_file' (7#1) [C:/Users/Wilmer Suarez/Desktop/ESE_345_PROJECT/Multimedia_Unit_Project/Multimedia_Unit_Project.srcs/sources_1/new/register_file.vhd:38]
INFO: [Synth 8-638] synthesizing module 'ID_EX_WB_REG' [C:/Users/Wilmer Suarez/Desktop/ESE_345_PROJECT/Multimedia_Unit_Project/Multimedia_Unit_Project.srcs/sources_1/new/ID_EX_WB_REG.vhd:50]
INFO: [Synth 8-256] done synthesizing module 'ID_EX_WB_REG' (8#1) [C:/Users/Wilmer Suarez/Desktop/ESE_345_PROJECT/Multimedia_Unit_Project/Multimedia_Unit_Project.srcs/sources_1/new/ID_EX_WB_REG.vhd:50]
INFO: [Synth 8-638] synthesizing module 'multimedia_ALU' [C:/Users/Wilmer Suarez/Desktop/ESE_345_PROJECT/Multimedia_Unit_Project/Multimedia_Unit_Project.srcs/sources_1/new/ALU_1.vhd:29]
INFO: [Synth 8-256] done synthesizing module 'multimedia_ALU' (9#1) [C:/Users/Wilmer Suarez/Desktop/ESE_345_PROJECT/Multimedia_Unit_Project/Multimedia_Unit_Project.srcs/sources_1/new/ALU_1.vhd:29]
INFO: [Synth 8-638] synthesizing module 'multimedia_ALU_2' [C:/Users/Wilmer Suarez/Desktop/ESE_345_PROJECT/Multimedia_Unit_Project/Multimedia_Unit_Project.srcs/sources_1/new/ALU_2.vhd:30]
INFO: [Synth 8-226] default block is never used [C:/Users/Wilmer Suarez/Desktop/ESE_345_PROJECT/Multimedia_Unit_Project/Multimedia_Unit_Project.srcs/sources_1/new/ALU_2.vhd:98]
WARNING: [Synth 8-614] signal 'reg_S3' is read in the process but is not in the sensitivity list [C:/Users/Wilmer Suarez/Desktop/ESE_345_PROJECT/Multimedia_Unit_Project/Multimedia_Unit_Project.srcs/sources_1/new/ALU_2.vhd:91]
WARNING: [Synth 8-614] signal 'reg_S2' is read in the process but is not in the sensitivity list [C:/Users/Wilmer Suarez/Desktop/ESE_345_PROJECT/Multimedia_Unit_Project/Multimedia_Unit_Project.srcs/sources_1/new/ALU_2.vhd:91]
WARNING: [Synth 8-614] signal 'reg_S1' is read in the process but is not in the sensitivity list [C:/Users/Wilmer Suarez/Desktop/ESE_345_PROJECT/Multimedia_Unit_Project/Multimedia_Unit_Project.srcs/sources_1/new/ALU_2.vhd:91]
INFO: [Synth 8-256] done synthesizing module 'multimedia_ALU_2' (10#1) [C:/Users/Wilmer Suarez/Desktop/ESE_345_PROJECT/Multimedia_Unit_Project/Multimedia_Unit_Project.srcs/sources_1/new/ALU_2.vhd:30]
INFO: [Synth 8-638] synthesizing module 'li_shift' [C:/Users/Wilmer Suarez/Desktop/ESE_345_PROJECT/Multimedia_Unit_Project/Multimedia_Unit_Project.srcs/sources_1/new/li_shift.vhd:29]
INFO: [Synth 8-226] default block is never used [C:/Users/Wilmer Suarez/Desktop/ESE_345_PROJECT/Multimedia_Unit_Project/Multimedia_Unit_Project.srcs/sources_1/new/li_shift.vhd:35]
WARNING: [Synth 8-614] signal 'RD_Data' is read in the process but is not in the sensitivity list [C:/Users/Wilmer Suarez/Desktop/ESE_345_PROJECT/Multimedia_Unit_Project/Multimedia_Unit_Project.srcs/sources_1/new/li_shift.vhd:32]
INFO: [Synth 8-256] done synthesizing module 'li_shift' (11#1) [C:/Users/Wilmer Suarez/Desktop/ESE_345_PROJECT/Multimedia_Unit_Project/Multimedia_Unit_Project.srcs/sources_1/new/li_shift.vhd:29]
INFO: [Synth 8-638] synthesizing module 'mux_3' [C:/Users/Wilmer Suarez/Desktop/ESE_345_PROJECT/Multimedia_Unit_Project/Multimedia_Unit_Project.srcs/sources_1/new/mux_3.vhd:26]
INFO: [Synth 8-256] done synthesizing module 'mux_3' (12#1) [C:/Users/Wilmer Suarez/Desktop/ESE_345_PROJECT/Multimedia_Unit_Project/Multimedia_Unit_Project.srcs/sources_1/new/mux_3.vhd:26]
INFO: [Synth 8-256] done synthesizing module 'Multimedia_Processor' (13#1) [C:/Users/Wilmer Suarez/Desktop/ESE_345_PROJECT/Multimedia_Unit_Project/Multimedia_Unit_Project.srcs/sources_1/new/Multimedia_Processor.vhd:27]
WARNING: [Synth 8-3331] design control_unit has unconnected port Instruction[14]
WARNING: [Synth 8-3331] design control_unit has unconnected port Instruction[13]
WARNING: [Synth 8-3331] design control_unit has unconnected port Instruction[12]
WARNING: [Synth 8-3331] design control_unit has unconnected port Instruction[11]
WARNING: [Synth 8-3331] design control_unit has unconnected port Instruction[10]
WARNING: [Synth 8-3331] design control_unit has unconnected port Instruction[9]
WARNING: [Synth 8-3331] design control_unit has unconnected port Instruction[8]
WARNING: [Synth 8-3331] design control_unit has unconnected port Instruction[7]
WARNING: [Synth 8-3331] design control_unit has unconnected port Instruction[6]
WARNING: [Synth 8-3331] design control_unit has unconnected port Instruction[5]
WARNING: [Synth 8-3331] design control_unit has unconnected port Instruction[4]
WARNING: [Synth 8-3331] design control_unit has unconnected port Instruction[3]
WARNING: [Synth 8-3331] design control_unit has unconnected port Instruction[2]
WARNING: [Synth 8-3331] design control_unit has unconnected port Instruction[1]
WARNING: [Synth 8-3331] design control_unit has unconnected port Instruction[0]
WARNING: [Synth 8-3331] design IF_ID_REG has unconnected port Instruction_In[23]
WARNING: [Synth 8-3331] design IF_ID_REG has unconnected port Instruction_In[22]
WARNING: [Synth 8-3331] design IF_ID_REG has unconnected port Instruction_In[21]
WARNING: [Synth 8-3331] design IF_ID_REG has unconnected port Instruction_In[20]
WARNING: [Synth 8-3331] design IF_ID_REG has unconnected port Instruction_In[19]
WARNING: [Synth 8-3331] design IF_ID_REG has unconnected port Instruction_In[18]
WARNING: [Synth 8-3331] design IF_ID_REG has unconnected port Instruction_In[17]
WARNING: [Synth 8-3331] design IF_ID_REG has unconnected port Instruction_In[16]
WARNING: [Synth 8-3331] design IF_ID_REG has unconnected port Instruction_In[15]
WARNING: [Synth 8-3331] design IF_ID_REG has unconnected port Instruction_In[14]
WARNING: [Synth 8-3331] design IF_ID_REG has unconnected port Instruction_In[13]
WARNING: [Synth 8-3331] design IF_ID_REG has unconnected port Instruction_In[12]
WARNING: [Synth 8-3331] design IF_ID_REG has unconnected port Instruction_In[11]
WARNING: [Synth 8-3331] design IF_ID_REG has unconnected port Instruction_In[10]
WARNING: [Synth 8-3331] design IF_ID_REG has unconnected port Instruction_In[9]
WARNING: [Synth 8-3331] design IF_ID_REG has unconnected port Instruction_In[8]
WARNING: [Synth 8-3331] design IF_ID_REG has unconnected port Instruction_In[7]
WARNING: [Synth 8-3331] design IF_ID_REG has unconnected port Instruction_In[6]
WARNING: [Synth 8-3331] design IF_ID_REG has unconnected port Instruction_In[5]
WARNING: [Synth 8-3331] design IF_ID_REG has unconnected port Instruction_In[4]
WARNING: [Synth 8-3331] design IF_ID_REG has unconnected port Instruction_In[3]
WARNING: [Synth 8-3331] design IF_ID_REG has unconnected port Instruction_In[2]
WARNING: [Synth 8-3331] design IF_ID_REG has unconnected port Instruction_In[1]
WARNING: [Synth 8-3331] design IF_ID_REG has unconnected port Instruction_In[0]
---------------------------------------------------------------------------------
Finished Synthesize : Time (s): cpu = 00:00:08 ; elapsed = 00:00:08 . Memory (MB): peak = 386.582 ; gain = 156.375
---------------------------------------------------------------------------------
---------------------------------------------------------------------------------
Finished Constraint Validation : Time (s): cpu = 00:00:08 ; elapsed = 00:00:08 . Memory (MB): peak = 386.582 ; gain = 156.375
---------------------------------------------------------------------------------
---------------------------------------------------------------------------------
Start Loading Part and Timing Information
---------------------------------------------------------------------------------
Loading part: xc7a35tcpg236-1
---------------------------------------------------------------------------------
Finished Loading Part and Timing Information : Time (s): cpu = 00:00:08 ; elapsed = 00:00:08 . Memory (MB): peak = 386.582 ; gain = 156.375
---------------------------------------------------------------------------------
INFO: [Device 21-403] Loading part xc7a35tcpg236-1
WARNING: [Synth 8-6014] Unused sequential element PC_In_reg was removed.  [C:/Users/Wilmer Suarez/Desktop/ESE_345_PROJECT/Multimedia_Unit_Project/Multimedia_Unit_Project.srcs/sources_1/new/program_counter_reg.vhd:34]
INFO: [Synth 8-5546] ROM "Reg_write_enable" won't be mapped to RAM because it is too sparse
INFO: [Synth 8-3971] The signal reg_file_array_reg was recognized as a true dual port RAM template.
---------------------------------------------------------------------------------
Finished RTL Optimization Phase 2 : Time (s): cpu = 00:00:10 ; elapsed = 00:00:09 . Memory (MB): peak = 415.926 ; gain = 185.719
---------------------------------------------------------------------------------

Report RTL Partitions: 
+-+--------------+------------+----------+
| |RTL Partition |Replication |Instances |
+-+--------------+------------+----------+
+-+--------------+------------+----------+
No constraint files found.
---------------------------------------------------------------------------------
Start RTL Component Statistics 
---------------------------------------------------------------------------------
Detailed RTL Component Info : 
+---Adders : 
	   2 Input     32 Bit       Adders := 8     
	  15 Input     32 Bit       Adders := 4     
	  31 Input     32 Bit       Adders := 2     
	   3 Input     32 Bit       Adders := 10    
	   2 Input     16 Bit       Adders := 8     
	   3 Input     16 Bit       Adders := 4     
	   2 Input      8 Bit       Adders := 8     
	   2 Input      5 Bit       Adders := 1     
+---Registers : 
	               64 Bit    Registers := 6     
	               24 Bit    Registers := 2     
	               16 Bit    Registers := 1     
	                5 Bit    Registers := 2     
	                4 Bit    Registers := 2     
	                2 Bit    Registers := 3     
	                1 Bit    Registers := 1     
+---RAMs : 
	               2K Bit         RAMs := 1     
	              768 Bit         RAMs := 1     
+---Muxes : 
	   4 Input     64 Bit        Muxes := 3     
	   2 Input     32 Bit        Muxes := 24    
	   2 Input     16 Bit        Muxes := 8     
	   2 Input      8 Bit        Muxes := 8     
	   2 Input      5 Bit        Muxes := 1     
	   2 Input      2 Bit        Muxes := 5     
	   5 Input      1 Bit        Muxes := 1     
	   2 Input      1 Bit        Muxes := 60    
	   3 Input      1 Bit        Muxes := 60    
---------------------------------------------------------------------------------
Finished RTL Component Statistics 
---------------------------------------------------------------------------------
---------------------------------------------------------------------------------
Start RTL Hierarchical Component Statistics 
---------------------------------------------------------------------------------
Hierarchical RTL Component report 
Module program_counter_reg 
Detailed RTL Component Info : 
+---Adders : 
	   2 Input      5 Bit       Adders := 1     
+---Registers : 
	                5 Bit    Registers := 1     
Module instruction_buffer 
Detailed RTL Component Info : 
+---Registers : 
	               24 Bit    Registers := 1     
+---RAMs : 
	              768 Bit         RAMs := 1     
Module IF_ID_REG 
Detailed RTL Component Info : 
+---Registers : 
	               24 Bit    Registers := 1     
Module control_unit 
Detailed RTL Component Info : 
+---Muxes : 
	   2 Input      2 Bit        Muxes := 1     
	   5 Input      1 Bit        Muxes := 1     
Module mux_2 
Detailed RTL Component Info : 
+---Muxes : 
	   2 Input      5 Bit        Muxes := 1     
Module register_file 
Detailed RTL Component Info : 
+---Registers : 
	               64 Bit    Registers := 3     
+---RAMs : 
	               2K Bit         RAMs := 1     
Module ID_EX_WB_REG 
Detailed RTL Component Info : 
+---Registers : 
	               64 Bit    Registers := 3     
	               16 Bit    Registers := 1     
	                5 Bit    Registers := 1     
	                4 Bit    Registers := 2     
	                2 Bit    Registers := 3     
	                1 Bit    Registers := 1     
Module multimedia_ALU 
Detailed RTL Component Info : 
+---Adders : 
	   2 Input     32 Bit       Adders := 8     
	  15 Input     32 Bit       Adders := 4     
	  31 Input     32 Bit       Adders := 2     
	   3 Input     32 Bit       Adders := 10    
	   2 Input     16 Bit       Adders := 8     
	   3 Input     16 Bit       Adders := 4     
	   2 Input      8 Bit       Adders := 8     
+---Muxes : 
	   2 Input     32 Bit        Muxes := 8     
	   2 Input     16 Bit        Muxes := 8     
	   2 Input      8 Bit        Muxes := 8     
	   2 Input      2 Bit        Muxes := 4     
	   2 Input      1 Bit        Muxes := 60    
	   3 Input      1 Bit        Muxes := 60    
Module multimedia_ALU_2 
Detailed RTL Component Info : 
+---Muxes : 
	   4 Input     64 Bit        Muxes := 1     
	   2 Input     32 Bit        Muxes := 16    
Module li_shift 
Detailed RTL Component Info : 
+---Muxes : 
	   4 Input     64 Bit        Muxes := 1     
Module mux_3 
Detailed RTL Component Info : 
+---Muxes : 
	   4 Input     64 Bit        Muxes := 1     
---------------------------------------------------------------------------------
Finished RTL Hierarchical Component Statistics
---------------------------------------------------------------------------------
---------------------------------------------------------------------------------
Start Part Resource Summary
---------------------------------------------------------------------------------
Part Resources:
DSPs: 90 (col length:60)
BRAMs: 100 (col length: RAMB18 60 RAMB36 30)
---------------------------------------------------------------------------------
Finished Part Resource Summary
---------------------------------------------------------------------------------
No constraint files found.
---------------------------------------------------------------------------------
Start Cross Boundary and Area Optimization
---------------------------------------------------------------------------------
DSP Report: Generating DSP result0, operation Mode is: A*B.
DSP Report: operator result0 is absorbed into DSP result0.
DSP Report: Generating DSP result0, operation Mode is: A*B.
DSP Report: operator result0 is absorbed into DSP result0.
WARNING: [Synth 8-6014] Unused sequential element ID_EX_WB_REG/Opcode_R3_o_reg was removed.  [C:/Users/Wilmer Suarez/Desktop/ESE_345_PROJECT/Multimedia_Unit_Project/Multimedia_Unit_Project.srcs/sources_1/new/ID_EX_WB_REG.vhd:60]
WARNING: [Synth 8-6014] Unused sequential element ID_EX_WB_REG/Reg_write_enable_o_reg was removed.  [C:/Users/Wilmer Suarez/Desktop/ESE_345_PROJECT/Multimedia_Unit_Project/Multimedia_Unit_Project.srcs/sources_1/new/ID_EX_WB_REG.vhd:66]
WARNING: [Synth 8-6014] Unused sequential element  was removed.  [C:/Users/Wilmer Suarez/Desktop/ESE_345_PROJECT/Multimedia_Unit_Project/Multimedia_Unit_Project.srcs/sources_1/new/ALU_2.vhd:50]
WARNING: [Synth 8-6014] Unused sequential element  was removed.  [C:/Users/Wilmer Suarez/Desktop/ESE_345_PROJECT/Multimedia_Unit_Project/Multimedia_Unit_Project.srcs/sources_1/new/ALU_2.vhd:50]
WARNING: [Synth 8-6014] Unused sequential element  was removed.  [C:/Users/Wilmer Suarez/Desktop/ESE_345_PROJECT/Multimedia_Unit_Project/Multimedia_Unit_Project.srcs/sources_1/new/ALU_2.vhd:50]
WARNING: [Synth 8-6014] Unused sequential element  was removed.  [C:/Users/Wilmer Suarez/Desktop/ESE_345_PROJECT/Multimedia_Unit_Project/Multimedia_Unit_Project.srcs/sources_1/new/ALU_2.vhd:50]
WARNING: [Synth 8-6014] Unused sequential element  was removed.  [C:/Users/Wilmer Suarez/Desktop/ESE_345_PROJECT/Multimedia_Unit_Project/Multimedia_Unit_Project.srcs/sources_1/new/ALU_2.vhd:50]
WARNING: [Synth 8-6014] Unused sequential element  was removed.  [C:/Users/Wilmer Suarez/Desktop/ESE_345_PROJECT/Multimedia_Unit_Project/Multimedia_Unit_Project.srcs/sources_1/new/ALU_2.vhd:50]
WARNING: [Synth 8-6014] Unused sequential element  was removed.  [C:/Users/Wilmer Suarez/Desktop/ESE_345_PROJECT/Multimedia_Unit_Project/Multimedia_Unit_Project.srcs/sources_1/new/ALU_2.vhd:50]
WARNING: [Synth 8-6014] Unused sequential element  was removed.  [C:/Users/Wilmer Suarez/Desktop/ESE_345_PROJECT/Multimedia_Unit_Project/Multimedia_Unit_Project.srcs/sources_1/new/ALU_2.vhd:50]
WARNING: [Synth 8-6014] Unused sequential element  was removed.  [C:/Users/Wilmer Suarez/Desktop/ESE_345_PROJECT/Multimedia_Unit_Project/Multimedia_Unit_Project.srcs/sources_1/new/ALU_2.vhd:50]
WARNING: [Synth 8-6014] Unused sequential element  was removed.  [C:/Users/Wilmer Suarez/Desktop/ESE_345_PROJECT/Multimedia_Unit_Project/Multimedia_Unit_Project.srcs/sources_1/new/ALU_2.vhd:50]
WARNING: [Synth 8-6014] Unused sequential element  was removed.  [C:/Users/Wilmer Suarez/Desktop/ESE_345_PROJECT/Multimedia_Unit_Project/Multimedia_Unit_Project.srcs/sources_1/new/ALU_2.vhd:50]
WARNING: [Synth 8-6014] Unused sequential element  was removed.  [C:/Users/Wilmer Suarez/Desktop/ESE_345_PROJECT/Multimedia_Unit_Project/Multimedia_Unit_Project.srcs/sources_1/new/ALU_2.vhd:50]
WARNING: [Synth 8-6014] Unused sequential element  was removed.  [C:/Users/Wilmer Suarez/Desktop/ESE_345_PROJECT/Multimedia_Unit_Project/Multimedia_Unit_Project.srcs/sources_1/new/ALU_2.vhd:50]
WARNING: [Synth 8-6014] Unused sequential element  was removed.  [C:/Users/Wilmer Suarez/Desktop/ESE_345_PROJECT/Multimedia_Unit_Project/Multimedia_Unit_Project.srcs/sources_1/new/ALU_2.vhd:50]
WARNING: [Synth 8-6014] Unused sequential element  was removed.  [C:/Users/Wilmer Suarez/Desktop/ESE_345_PROJECT/Multimedia_Unit_Project/Multimedia_Unit_Project.srcs/sources_1/new/ALU_2.vhd:50]
WARNING: [Synth 8-6014] Unused sequential element  was removed.  [C:/Users/Wilmer Suarez/Desktop/ESE_345_PROJECT/Multimedia_Unit_Project/Multimedia_Unit_Project.srcs/sources_1/new/ALU_2.vhd:50]
WARNING: [Synth 8-6014] Unused sequential element  was removed.  [C:/Users/Wilmer Suarez/Desktop/ESE_345_PROJECT/Multimedia_Unit_Project/Multimedia_Unit_Project.srcs/sources_1/new/ALU_2.vhd:50]
WARNING: [Synth 8-6014] Unused sequential element  was removed.  [C:/Users/Wilmer Suarez/Desktop/ESE_345_PROJECT/Multimedia_Unit_Project/Multimedia_Unit_Project.srcs/sources_1/new/ALU_2.vhd:50]
WARNING: [Synth 8-6014] Unused sequential element  was removed.  [C:/Users/Wilmer Suarez/Desktop/ESE_345_PROJECT/Multimedia_Unit_Project/Multimedia_Unit_Project.srcs/sources_1/new/ALU_2.vhd:50]
WARNING: [Synth 8-6014] Unused sequential element  was removed.  [C:/Users/Wilmer Suarez/Desktop/ESE_345_PROJECT/Multimedia_Unit_Project/Multimedia_Unit_Project.srcs/sources_1/new/ALU_2.vhd:50]
WARNING: [Synth 8-6014] Unused sequential element program_counter/PC_In_reg was removed.  [C:/Users/Wilmer Suarez/Desktop/ESE_345_PROJECT/Multimedia_Unit_Project/Multimedia_Unit_Project.srcs/sources_1/new/program_counter_reg.vhd:34]
DSP Report: Generating DSP multimedia_ALU_2/L0, operation Mode is: C+A2*B2+1.
DSP Report: register B is absorbed into DSP multimedia_ALU_2/L0.
DSP Report: register A is absorbed into DSP multimedia_ALU_2/L0.
DSP Report: operator multimedia_ALU_2/L0 is absorbed into DSP multimedia_ALU_2/L0.
DSP Report: operator multimedia_ALU_2/L0 is absorbed into DSP multimedia_ALU_2/L0.
DSP Report: Generating DSP multimedia_ALU_2/L0, operation Mode is: A2*B2.
DSP Report: register B is absorbed into DSP multimedia_ALU_2/L0.
DSP Report: register A is absorbed into DSP multimedia_ALU_2/L0.
DSP Report: operator multimedia_ALU_2/L0 is absorbed into DSP multimedia_ALU_2/L0.
DSP Report: Generating DSP multimedia_ALU_2/L0, operation Mode is: C+A2*B2+1.
DSP Report: register B is absorbed into DSP multimedia_ALU_2/L0.
DSP Report: register A is absorbed into DSP multimedia_ALU_2/L0.
DSP Report: operator multimedia_ALU_2/L0 is absorbed into DSP multimedia_ALU_2/L0.
DSP Report: operator multimedia_ALU_2/L0 is absorbed into DSP multimedia_ALU_2/L0.
DSP Report: Generating DSP multimedia_ALU_2/L0, operation Mode is: A2*B2.
DSP Report: register B is absorbed into DSP multimedia_ALU_2/L0.
DSP Report: register A is absorbed into DSP multimedia_ALU_2/L0.
DSP Report: operator multimedia_ALU_2/L0 is absorbed into DSP multimedia_ALU_2/L0.
DSP Report: Generating DSP multimedia_ALU_2/L0, operation Mode is: C+A2*B2+1.
DSP Report: register ID_EX_WB_REG/Data_S2_o_reg is absorbed into DSP multimedia_ALU_2/L0.
DSP Report: register ID_EX_WB_REG/Data_S3_o_reg is absorbed into DSP multimedia_ALU_2/L0.
DSP Report: operator multimedia_ALU_2/L0 is absorbed into DSP multimedia_ALU_2/L0.
DSP Report: operator multimedia_ALU_2/L0 is absorbed into DSP multimedia_ALU_2/L0.
DSP Report: Generating DSP multimedia_ALU_2/L0, operation Mode is: A2*B2.
DSP Report: register ID_EX_WB_REG/Data_S2_o_reg is absorbed into DSP multimedia_ALU_2/L0.
DSP Report: register ID_EX_WB_REG/Data_S3_o_reg is absorbed into DSP multimedia_ALU_2/L0.
DSP Report: operator multimedia_ALU_2/L0 is absorbed into DSP multimedia_ALU_2/L0.
DSP Report: Generating DSP multimedia_ALU_2/L0, operation Mode is: C+A2*B2+1.
DSP Report: register B is absorbed into DSP multimedia_ALU_2/L0.
DSP Report: register A is absorbed into DSP multimedia_ALU_2/L0.
DSP Report: operator multimedia_ALU_2/L0 is absorbed into DSP multimedia_ALU_2/L0.
DSP Report: operator multimedia_ALU_2/L0 is absorbed into DSP multimedia_ALU_2/L0.
DSP Report: Generating DSP multimedia_ALU_2/L0, operation Mode is: A2*B2.
DSP Report: register B is absorbed into DSP multimedia_ALU_2/L0.
DSP Report: register A is absorbed into DSP multimedia_ALU_2/L0.
DSP Report: operator multimedia_ALU_2/L0 is absorbed into DSP multimedia_ALU_2/L0.
DSP Report: Generating DSP multimedia_ALU_2/L0, operation Mode is: C'+A2*B2.
DSP Report: register B is absorbed into DSP multimedia_ALU_2/L0.
DSP Report: register A is absorbed into DSP multimedia_ALU_2/L0.
DSP Report: register ID_EX_WB_REG/Data_S1_o_reg is absorbed into DSP multimedia_ALU_2/L0.
DSP Report: operator multimedia_ALU_2/L0 is absorbed into DSP multimedia_ALU_2/L0.
DSP Report: operator multimedia_ALU_2/L0 is absorbed into DSP multimedia_ALU_2/L0.
DSP Report: Generating DSP multimedia_ALU_2/L0, operation Mode is: C'+A2*B2.
DSP Report: register B is absorbed into DSP multimedia_ALU_2/L0.
DSP Report: register A is absorbed into DSP multimedia_ALU_2/L0.
DSP Report: register C is absorbed into DSP multimedia_ALU_2/L0.
DSP Report: operator multimedia_ALU_2/L0 is absorbed into DSP multimedia_ALU_2/L0.
DSP Report: operator multimedia_ALU_2/L0 is absorbed into DSP multimedia_ALU_2/L0.
DSP Report: Generating DSP multimedia_ALU_2/L0, operation Mode is: C'+A2*B2.
DSP Report: register ID_EX_WB_REG/Data_S3_o_reg is absorbed into DSP multimedia_ALU_2/L0.
DSP Report: register ID_EX_WB_REG/Data_S1_o_reg is absorbed into DSP multimedia_ALU_2/L0.
DSP Report: register ID_EX_WB_REG/Data_S2_o_reg is absorbed into DSP multimedia_ALU_2/L0.
DSP Report: operator multimedia_ALU_2/L0 is absorbed into DSP multimedia_ALU_2/L0.
DSP Report: operator multimedia_ALU_2/L0 is absorbed into DSP multimedia_ALU_2/L0.
DSP Report: Generating DSP multimedia_ALU_2/L0, operation Mode is: C'+A2*B2.
DSP Report: register B is absorbed into DSP multimedia_ALU_2/L0.
DSP Report: register A is absorbed into DSP multimedia_ALU_2/L0.
DSP Report: register C is absorbed into DSP multimedia_ALU_2/L0.
DSP Report: operator multimedia_ALU_2/L0 is absorbed into DSP multimedia_ALU_2/L0.
DSP Report: operator multimedia_ALU_2/L0 is absorbed into DSP multimedia_ALU_2/L0.
WARNING: [Synth 8-6014] Unused sequential element insturction_buffer/Instruction_Out_reg was removed.  [C:/Users/Wilmer Suarez/Desktop/ESE_345_PROJECT/Multimedia_Unit_Project/Multimedia_Unit_Project.srcs/sources_1/new/instruction_buffer.vhd:43]
WARNING: [Synth 8-6014] Unused sequential element insturction_buffer/inst_buf_reg was removed. 
INFO: [Synth 8-3971] The signal register_file/reg_file_array_reg was recognized as a true dual port RAM template.
WARNING: [Synth 8-3332] Sequential element (program_counter/PC_In_reg[4]) is unused and will be removed from module Multimedia_Processor.
WARNING: [Synth 8-3332] Sequential element (program_counter/PC_In_reg[3]) is unused and will be removed from module Multimedia_Processor.
WARNING: [Synth 8-3332] Sequential element (program_counter/PC_In_reg[2]) is unused and will be removed from module Multimedia_Processor.
WARNING: [Synth 8-3332] Sequential element (program_counter/PC_In_reg[1]) is unused and will be removed from module Multimedia_Processor.
WARNING: [Synth 8-3332] Sequential element (program_counter/PC_In_reg[0]) is unused and will be removed from module Multimedia_Processor.
WARNING: [Synth 8-3332] Sequential element (IF_ID_REG/Instruction_Out_reg[23]) is unused and will be removed from module Multimedia_Processor.
WARNING: [Synth 8-3332] Sequential element (IF_ID_REG/Instruction_Out_reg[22]) is unused and will be removed from module Multimedia_Processor.
WARNING: [Synth 8-3332] Sequential element (IF_ID_REG/Instruction_Out_reg[21]) is unused and will be removed from module Multimedia_Processor.
WARNING: [Synth 8-3332] Sequential element (IF_ID_REG/Instruction_Out_reg[20]) is unused and will be removed from module Multimedia_Processor.
WARNING: [Synth 8-3332] Sequential element (IF_ID_REG/Instruction_Out_reg[19]) is unused and will be removed from module Multimedia_Processor.
WARNING: [Synth 8-3332] Sequential element (IF_ID_REG/Instruction_Out_reg[18]) is unused and will be removed from module Multimedia_Processor.
WARNING: [Synth 8-3332] Sequential element (IF_ID_REG/Instruction_Out_reg[17]) is unused and will be removed from module Multimedia_Processor.
WARNING: [Synth 8-3332] Sequential element (IF_ID_REG/Instruction_Out_reg[16]) is unused and will be removed from module Multimedia_Processor.
WARNING: [Synth 8-3332] Sequential element (IF_ID_REG/Instruction_Out_reg[15]) is unused and will be removed from module Multimedia_Processor.
WARNING: [Synth 8-3332] Sequential element (IF_ID_REG/Instruction_Out_reg[14]) is unused and will be removed from module Multimedia_Processor.
WARNING: [Synth 8-3332] Sequential element (IF_ID_REG/Instruction_Out_reg[13]) is unused and will be removed from module Multimedia_Processor.
WARNING: [Synth 8-3332] Sequential element (IF_ID_REG/Instruction_Out_reg[12]) is unused and will be removed from module Multimedia_Processor.
WARNING: [Synth 8-3332] Sequential element (IF_ID_REG/Instruction_Out_reg[11]) is unused and will be removed from module Multimedia_Processor.
WARNING: [Synth 8-3332] Sequential element (IF_ID_REG/Instruction_Out_reg[10]) is unused and will be removed from module Multimedia_Processor.
WARNING: [Synth 8-3332] Sequential element (IF_ID_REG/Instruction_Out_reg[9]) is unused and will be removed from module Multimedia_Processor.
WARNING: [Synth 8-3332] Sequential element (IF_ID_REG/Instruction_Out_reg[8]) is unused and will be removed from module Multimedia_Processor.
WARNING: [Synth 8-3332] Sequential element (IF_ID_REG/Instruction_Out_reg[7]) is unused and will be removed from module Multimedia_Processor.
WARNING: [Synth 8-3332] Sequential element (IF_ID_REG/Instruction_Out_reg[6]) is unused and will be removed from module Multimedia_Processor.
WARNING: [Synth 8-3332] Sequential element (IF_ID_REG/Instruction_Out_reg[5]) is unused and will be removed from module Multimedia_Processor.
WARNING: [Synth 8-3332] Sequential element (IF_ID_REG/Instruction_Out_reg[4]) is unused and will be removed from module Multimedia_Processor.
WARNING: [Synth 8-3332] Sequential element (IF_ID_REG/Instruction_Out_reg[3]) is unused and will be removed from module Multimedia_Processor.
WARNING: [Synth 8-3332] Sequential element (IF_ID_REG/Instruction_Out_reg[2]) is unused and will be removed from module Multimedia_Processor.
WARNING: [Synth 8-3332] Sequential element (IF_ID_REG/Instruction_Out_reg[1]) is unused and will be removed from module Multimedia_Processor.
WARNING: [Synth 8-3332] Sequential element (IF_ID_REG/Instruction_Out_reg[0]) is unused and will be removed from module Multimedia_Processor.
WARNING: [Synth 8-3332] Sequential element (ID_EX_WB_REG/Data_S3_o_reg[63]) is unused and will be removed from module Multimedia_Processor.
WARNING: [Synth 8-3332] Sequential element (ID_EX_WB_REG/Data_S3_o_reg[62]) is unused and will be removed from module Multimedia_Processor.
WARNING: [Synth 8-3332] Sequential element (ID_EX_WB_REG/Data_S3_o_reg[61]) is unused and will be removed from module Multimedia_Processor.
WARNING: [Synth 8-3332] Sequential element (ID_EX_WB_REG/Data_S3_o_reg[60]) is unused and will be removed from module Multimedia_Processor.
WARNING: [Synth 8-3332] Sequential element (ID_EX_WB_REG/Data_S3_o_reg[59]) is unused and will be removed from module Multimedia_Processor.
WARNING: [Synth 8-3332] Sequential element (ID_EX_WB_REG/Data_S3_o_reg[58]) is unused and will be removed from module Multimedia_Processor.
WARNING: [Synth 8-3332] Sequential element (ID_EX_WB_REG/Data_S3_o_reg[57]) is unused and will be removed from module Multimedia_Processor.
WARNING: [Synth 8-3332] Sequential element (ID_EX_WB_REG/Data_S3_o_reg[56]) is unused and will be removed from module Multimedia_Processor.
WARNING: [Synth 8-3332] Sequential element (ID_EX_WB_REG/Data_S3_o_reg[55]) is unused and will be removed from module Multimedia_Processor.
WARNING: [Synth 8-3332] Sequential element (ID_EX_WB_REG/Data_S3_o_reg[54]) is unused and will be removed from module Multimedia_Processor.
WARNING: [Synth 8-3332] Sequential element (ID_EX_WB_REG/Data_S3_o_reg[53]) is unused and will be removed from module Multimedia_Processor.
WARNING: [Synth 8-3332] Sequential element (ID_EX_WB_REG/Data_S3_o_reg[52]) is unused and will be removed from module Multimedia_Processor.
WARNING: [Synth 8-3332] Sequential element (ID_EX_WB_REG/Data_S3_o_reg[51]) is unused and will be removed from module Multimedia_Processor.
WARNING: [Synth 8-3332] Sequential element (ID_EX_WB_REG/Data_S3_o_reg[50]) is unused and will be removed from module Multimedia_Processor.
WARNING: [Synth 8-3332] Sequential element (ID_EX_WB_REG/Data_S3_o_reg[49]) is unused and will be removed from module Multimedia_Processor.
WARNING: [Synth 8-3332] Sequential element (ID_EX_WB_REG/Data_S3_o_reg[48]) is unused and will be removed from module Multimedia_Processor.
WARNING: [Synth 8-3332] Sequential element (ID_EX_WB_REG/Data_S3_o_reg[47]) is unused and will be removed from module Multimedia_Processor.
WARNING: [Synth 8-3332] Sequential element (ID_EX_WB_REG/Data_S3_o_reg[46]) is unused and will be removed from module Multimedia_Processor.
WARNING: [Synth 8-3332] Sequential element (ID_EX_WB_REG/Data_S3_o_reg[45]) is unused and will be removed from module Multimedia_Processor.
WARNING: [Synth 8-3332] Sequential element (ID_EX_WB_REG/Data_S3_o_reg[44]) is unused and will be removed from module Multimedia_Processor.
WARNING: [Synth 8-3332] Sequential element (ID_EX_WB_REG/Data_S3_o_reg[43]) is unused and will be removed from module Multimedia_Processor.
WARNING: [Synth 8-3332] Sequential element (ID_EX_WB_REG/Data_S3_o_reg[42]) is unused and will be removed from module Multimedia_Processor.
WARNING: [Synth 8-3332] Sequential element (ID_EX_WB_REG/Data_S3_o_reg[41]) is unused and will be removed from module Multimedia_Processor.
WARNING: [Synth 8-3332] Sequential element (ID_EX_WB_REG/Data_S3_o_reg[40]) is unused and will be removed from module Multimedia_Processor.
WARNING: [Synth 8-3332] Sequential element (ID_EX_WB_REG/Data_S3_o_reg[39]) is unused and will be removed from module Multimedia_Processor.
WARNING: [Synth 8-3332] Sequential element (ID_EX_WB_REG/Data_S3_o_reg[38]) is unused and will be removed from module Multimedia_Processor.
WARNING: [Synth 8-3332] Sequential element (ID_EX_WB_REG/Data_S3_o_reg[37]) is unused and will be removed from module Multimedia_Processor.
WARNING: [Synth 8-3332] Sequential element (ID_EX_WB_REG/Data_S3_o_reg[36]) is unused and will be removed from module Multimedia_Processor.
WARNING: [Synth 8-3332] Sequential element (ID_EX_WB_REG/Data_S3_o_reg[35]) is unused and will be removed from module Multimedia_Processor.
WARNING: [Synth 8-3332] Sequential element (ID_EX_WB_REG/Data_S3_o_reg[34]) is unused and will be removed from module Multimedia_Processor.
WARNING: [Synth 8-3332] Sequential element (ID_EX_WB_REG/Data_S3_o_reg[33]) is unused and will be removed from module Multimedia_Processor.
WARNING: [Synth 8-3332] Sequential element (ID_EX_WB_REG/Data_S3_o_reg[32]) is unused and will be removed from module Multimedia_Processor.
WARNING: [Synth 8-3332] Sequential element (ID_EX_WB_REG/Data_S3_o_reg[31]) is unused and will be removed from module Multimedia_Processor.
WARNING: [Synth 8-3332] Sequential element (ID_EX_WB_REG/Data_S3_o_reg[30]) is unused and will be removed from module Multimedia_Processor.
WARNING: [Synth 8-3332] Sequential element (ID_EX_WB_REG/Data_S3_o_reg[29]) is unused and will be removed from module Multimedia_Processor.
WARNING: [Synth 8-3332] Sequential element (ID_EX_WB_REG/Data_S3_o_reg[28]) is unused and will be removed from module Multimedia_Processor.
WARNING: [Synth 8-3332] Sequential element (ID_EX_WB_REG/Data_S3_o_reg[27]) is unused and will be removed from module Multimedia_Processor.
WARNING: [Synth 8-3332] Sequential element (ID_EX_WB_REG/Data_S3_o_reg[26]) is unused and will be removed from module Multimedia_Processor.
WARNING: [Synth 8-3332] Sequential element (ID_EX_WB_REG/Data_S3_o_reg[25]) is unused and will be removed from module Multimedia_Processor.
WARNING: [Synth 8-3332] Sequential element (ID_EX_WB_REG/Data_S3_o_reg[24]) is unused and will be removed from module Multimedia_Processor.
WARNING: [Synth 8-3332] Sequential element (ID_EX_WB_REG/Data_S3_o_reg[23]) is unused and will be removed from module Multimedia_Processor.
WARNING: [Synth 8-3332] Sequential element (ID_EX_WB_REG/Data_S3_o_reg[22]) is unused and will be removed from module Multimedia_Processor.
WARNING: [Synth 8-3332] Sequential element (ID_EX_WB_REG/Data_S3_o_reg[21]) is unused and will be removed from module Multimedia_Processor.
WARNING: [Synth 8-3332] Sequential element (ID_EX_WB_REG/Data_S3_o_reg[20]) is unused and will be removed from module Multimedia_Processor.
WARNING: [Synth 8-3332] Sequential element (ID_EX_WB_REG/Data_S3_o_reg[19]) is unused and will be removed from module Multimedia_Processor.
WARNING: [Synth 8-3332] Sequential element (ID_EX_WB_REG/Data_S3_o_reg[18]) is unused and will be removed from module Multimedia_Processor.
WARNING: [Synth 8-3332] Sequential element (ID_EX_WB_REG/Data_S3_o_reg[17]) is unused and will be removed from module Multimedia_Processor.
WARNING: [Synth 8-3332] Sequential element (ID_EX_WB_REG/Data_S3_o_reg[16]) is unused and will be removed from module Multimedia_Processor.
WARNING: [Synth 8-3332] Sequential element (ID_EX_WB_REG/Data_S3_o_reg[15]) is unused and will be removed from module Multimedia_Processor.
WARNING: [Synth 8-3332] Sequential element (ID_EX_WB_REG/Data_S3_o_reg[14]) is unused and will be removed from module Multimedia_Processor.
WARNING: [Synth 8-3332] Sequential element (ID_EX_WB_REG/Data_S3_o_reg[13]) is unused and will be removed from module Multimedia_Processor.
WARNING: [Synth 8-3332] Sequential element (ID_EX_WB_REG/Data_S3_o_reg[12]) is unused and will be removed from module Multimedia_Processor.
WARNING: [Synth 8-3332] Sequential element (ID_EX_WB_REG/Data_S3_o_reg[11]) is unused and will be removed from module Multimedia_Processor.
WARNING: [Synth 8-3332] Sequential element (ID_EX_WB_REG/Data_S3_o_reg[10]) is unused and will be removed from module Multimedia_Processor.
WARNING: [Synth 8-3332] Sequential element (ID_EX_WB_REG/Data_S3_o_reg[9]) is unused and will be removed from module Multimedia_Processor.
WARNING: [Synth 8-3332] Sequential element (ID_EX_WB_REG/Data_S3_o_reg[8]) is unused and will be removed from module Multimedia_Processor.
WARNING: [Synth 8-3332] Sequential element (ID_EX_WB_REG/Data_S3_o_reg[7]) is unused and will be removed from module Multimedia_Processor.
WARNING: [Synth 8-3332] Sequential element (ID_EX_WB_REG/Data_S3_o_reg[6]) is unused and will be removed from module Multimedia_Processor.
WARNING: [Synth 8-3332] Sequential element (ID_EX_WB_REG/Data_S3_o_reg[5]) is unused and will be removed from module Multimedia_Processor.
WARNING: [Synth 8-3332] Sequential element (ID_EX_WB_REG/Data_S3_o_reg[4]) is unused and will be removed from module Multimedia_Processor.
WARNING: [Synth 8-3332] Sequential element (ID_EX_WB_REG/Data_S3_o_reg[3]) is unused and will be removed from module Multimedia_Processor.
WARNING: [Synth 8-3332] Sequential element (ID_EX_WB_REG/Data_S3_o_reg[2]) is unused and will be removed from module Multimedia_Processor.
WARNING: [Synth 8-3332] Sequential element (ID_EX_WB_REG/Data_S3_o_reg[1]) is unused and will be removed from module Multimedia_Processor.
WARNING: [Synth 8-3332] Sequential element (ID_EX_WB_REG/Data_S3_o_reg[0]) is unused and will be removed from module Multimedia_Processor.
WARNING: [Synth 8-3332] Sequential element (ID_EX_WB_REG/Immediate_16_o_reg[15]) is unused and will be removed from module Multimedia_Processor.
WARNING: [Synth 8-3332] Sequential element (ID_EX_WB_REG/Immediate_16_o_reg[14]) is unused and will be removed from module Multimedia_Processor.
WARNING: [Synth 8-3332] Sequential element (ID_EX_WB_REG/Immediate_16_o_reg[13]) is unused and will be removed from module Multimedia_Processor.
WARNING: [Synth 8-3332] Sequential element (ID_EX_WB_REG/Immediate_16_o_reg[12]) is unused and will be removed from module Multimedia_Processor.
WARNING: [Synth 8-3332] Sequential element (ID_EX_WB_REG/Immediate_16_o_reg[11]) is unused and will be removed from module Multimedia_Processor.
WARNING: [Synth 8-3332] Sequential element (ID_EX_WB_REG/Immediate_16_o_reg[10]) is unused and will be removed from module Multimedia_Processor.
WARNING: [Synth 8-3332] Sequential element (ID_EX_WB_REG/Immediate_16_o_reg[9]) is unused and will be removed from module Multimedia_Processor.
INFO: [Common 17-14] Message 'Synth 8-3332' appears 100 times and further instances of the messages will be disabled. Use the Tcl command set_msg_config to change the current settings.
---------------------------------------------------------------------------------
Finished Cross Boundary and Area Optimization : Time (s): cpu = 00:00:13 ; elapsed = 00:00:12 . Memory (MB): peak = 513.676 ; gain = 283.469
---------------------------------------------------------------------------------
---------------------------------------------------------------------------------
Start ROM, RAM, DSP and Shift Register Reporting
---------------------------------------------------------------------------------

DSP: Preliminary Mapping  Report (see note below)
+---------------------+-------------+--------+--------+--------+--------+--------+------+------+------+------+-------+------+------+
|Module Name          | DSP Mapping | A Size | B Size | C Size | D Size | P Size | AREG | BREG | CREG | DREG | ADREG | MREG | PREG | 
+---------------------+-------------+--------+--------+--------+--------+--------+------+------+------+------+-------+------+------+
|multimedia_ALU       | A*B         | 17     | 17     | -      | -      | 34     | 0    | 0    | -    | -    | -     | 0    | 0    | 
|multimedia_ALU       | A*B         | 17     | 17     | -      | -      | 34     | 0    | 0    | -    | -    | -     | 0    | 0    | 
|Multimedia_Processor | C+A2*B2+1   | 16     | 16     | 32     | -      | 32     | 1    | 1    | 0    | -    | -     | 0    | 0    | 
|Multimedia_Processor | A2*B2       | 16     | 16     | -      | -      | 32     | 1    | 1    | -    | -    | -     | 0    | 0    | 
|Multimedia_Processor | C+A2*B2+1   | 16     | 16     | 32     | -      | 32     | 1    | 1    | 0    | -    | -     | 0    | 0    | 
|Multimedia_Processor | A2*B2       | 16     | 16     | -      | -      | 32     | 1    | 1    | -    | -    | -     | 0    | 0    | 
|Multimedia_Processor | C+A2*B2+1   | 16     | 16     | 32     | -      | 32     | 1    | 1    | 0    | -    | -     | 0    | 0    | 
|Multimedia_Processor | A2*B2       | 16     | 16     | -      | -      | 32     | 1    | 1    | -    | -    | -     | 0    | 0    | 
|Multimedia_Processor | C+A2*B2+1   | 16     | 16     | 32     | -      | 32     | 1    | 1    | 0    | -    | -     | 0    | 0    | 
|Multimedia_Processor | A2*B2       | 16     | 16     | -      | -      | 32     | 1    | 1    | -    | -    | -     | 0    | 0    | 
|Multimedia_Processor | C'+A2*B2    | 16     | 16     | 32     | -      | 32     | 1    | 1    | 1    | -    | -     | 0    | 0    | 
|Multimedia_Processor | C'+A2*B2    | 16     | 16     | 32     | -      | 32     | 1    | 1    | 1    | -    | -     | 0    | 0    | 
|Multimedia_Processor | C'+A2*B2    | 16     | 16     | 32     | -      | 32     | 1    | 1    | 1    | -    | -     | 0    | 0    | 
|Multimedia_Processor | C'+A2*B2    | 16     | 16     | 32     | -      | 32     | 1    | 1    | 1    | -    | -     | 0    | 0    | 
+---------------------+-------------+--------+--------+--------+--------+--------+------+------+------+------+-------+------+------+

Note: The table above is a preliminary report that shows the DSPs inferred at the current stage of the synthesis flow. Some DSP may be reimplemented as non DSP primitives later in the synthesis flow. Multiple instantiated DSPs are reported only once.
---------------------------------------------------------------------------------
Finished ROM, RAM, DSP and Shift Register Reporting
---------------------------------------------------------------------------------

Report RTL Partitions: 
+-+--------------+------------+----------+
| |RTL Partition |Replication |Instances |
+-+--------------+------------+----------+
+-+--------------+------------+----------+
No constraint files found.
---------------------------------------------------------------------------------
Start Timing Optimization
---------------------------------------------------------------------------------
---------------------------------------------------------------------------------
Finished Timing Optimization : Time (s): cpu = 00:00:13 ; elapsed = 00:00:13 . Memory (MB): peak = 513.676 ; gain = 283.469
---------------------------------------------------------------------------------

Report RTL Partitions: 
+-+--------------+------------+----------+
| |RTL Partition |Replication |Instances |
+-+--------------+------------+----------+
+-+--------------+------------+----------+
---------------------------------------------------------------------------------
Start Technology Mapping
---------------------------------------------------------------------------------
---------------------------------------------------------------------------------
Finished Technology Mapping : Time (s): cpu = 00:00:13 ; elapsed = 00:00:13 . Memory (MB): peak = 513.676 ; gain = 283.469
---------------------------------------------------------------------------------

Report RTL Partitions: 
+-+--------------+------------+----------+
| |RTL Partition |Replication |Instances |
+-+--------------+------------+----------+
+-+--------------+------------+----------+
---------------------------------------------------------------------------------
Start IO Insertion
---------------------------------------------------------------------------------
---------------------------------------------------------------------------------
Start Flattening Before IO Insertion
---------------------------------------------------------------------------------
---------------------------------------------------------------------------------
Finished Flattening Before IO Insertion
---------------------------------------------------------------------------------
---------------------------------------------------------------------------------
Start Final Netlist Cleanup
---------------------------------------------------------------------------------
---------------------------------------------------------------------------------
Finished Final Netlist Cleanup
---------------------------------------------------------------------------------
---------------------------------------------------------------------------------
Finished IO Insertion : Time (s): cpu = 00:00:14 ; elapsed = 00:00:13 . Memory (MB): peak = 513.676 ; gain = 283.469
---------------------------------------------------------------------------------

Report Check Netlist: 
+------+------------------+-------+---------+-------+------------------+
|      |Item              |Errors |Warnings |Status |Description       |
+------+------------------+-------+---------+-------+------------------+
|1     |multi_driven_nets |      0|        0|Passed |Multi driven nets |
+------+------------------+-------+---------+-------+------------------+
---------------------------------------------------------------------------------
Start Renaming Generated Instances
---------------------------------------------------------------------------------
---------------------------------------------------------------------------------
Finished Renaming Generated Instances : Time (s): cpu = 00:00:14 ; elapsed = 00:00:13 . Memory (MB): peak = 513.676 ; gain = 283.469
---------------------------------------------------------------------------------

Report RTL Partitions: 
+-+--------------+------------+----------+
| |RTL Partition |Replication |Instances |
+-+--------------+------------+----------+
+-+--------------+------------+----------+
---------------------------------------------------------------------------------
Start Rebuilding User Hierarchy
---------------------------------------------------------------------------------
---------------------------------------------------------------------------------
Finished Rebuilding User Hierarchy : Time (s): cpu = 00:00:14 ; elapsed = 00:00:13 . Memory (MB): peak = 513.676 ; gain = 283.469
---------------------------------------------------------------------------------
---------------------------------------------------------------------------------
Start Renaming Generated Ports
---------------------------------------------------------------------------------
---------------------------------------------------------------------------------
Finished Renaming Generated Ports : Time (s): cpu = 00:00:14 ; elapsed = 00:00:13 . Memory (MB): peak = 513.676 ; gain = 283.469
---------------------------------------------------------------------------------
---------------------------------------------------------------------------------
Start Handling Custom Attributes
---------------------------------------------------------------------------------
---------------------------------------------------------------------------------
Finished Handling Custom Attributes : Time (s): cpu = 00:00:14 ; elapsed = 00:00:13 . Memory (MB): peak = 513.676 ; gain = 283.469
---------------------------------------------------------------------------------
---------------------------------------------------------------------------------
Start Renaming Generated Nets
---------------------------------------------------------------------------------
---------------------------------------------------------------------------------
Finished Renaming Generated Nets : Time (s): cpu = 00:00:14 ; elapsed = 00:00:13 . Memory (MB): peak = 513.676 ; gain = 283.469
---------------------------------------------------------------------------------
---------------------------------------------------------------------------------
Start Writing Synthesis Report
---------------------------------------------------------------------------------

Report BlackBoxes: 
+-+--------------+----------+
| |BlackBox name |Instances |
+-+--------------+----------+
+-+--------------+----------+

Report Cell Usage: 
+-+-----+------+
| |Cell |Count |
+-+-----+------+
+-+-----+------+

Report Instance Areas: 
+------+---------+-------+------+
|      |Instance |Module |Cells |
+------+---------+-------+------+
|1     |top      |       |     0|
+------+---------+-------+------+
---------------------------------------------------------------------------------
Finished Writing Synthesis Report : Time (s): cpu = 00:00:14 ; elapsed = 00:00:13 . Memory (MB): peak = 513.676 ; gain = 283.469
---------------------------------------------------------------------------------
Synthesis finished with 0 errors, 0 critical warnings and 322 warnings.
Synthesis Optimization Runtime : Time (s): cpu = 00:00:14 ; elapsed = 00:00:13 . Memory (MB): peak = 513.676 ; gain = 283.469
Synthesis Optimization Complete : Time (s): cpu = 00:00:14 ; elapsed = 00:00:13 . Memory (MB): peak = 513.676 ; gain = 283.469
INFO: [Project 1-571] Translating synthesized netlist
INFO: [Project 1-570] Preparing netlist for logic optimization
INFO: [Opt 31-138] Pushed 0 inverter(s) to 0 load pin(s).
INFO: [Project 1-111] Unisim Transformation Summary:
No Unisim elements were transformed.

INFO: [Common 17-83] Releasing license: Synthesis
40 Infos, 170 Warnings, 0 Critical Warnings and 0 Errors encountered.
synth_design completed successfully
synth_design: Time (s): cpu = 00:00:18 ; elapsed = 00:00:18 . Memory (MB): peak = 616.344 ; gain = 390.160
INFO: [Common 17-1381] The checkpoint 'C:/Users/Wilmer Suarez/Desktop/ESE_345_PROJECT/Multimedia_Unit_Project/Multimedia_Unit_Project.runs/synth_1/Multimedia_Processor.dcp' has been generated.
INFO: [runtcl-4] Executing : report_utilization -file Multimedia_Processor_utilization_synth.rpt -pb instruction_buffer_utilization_synth.pb
report_utilization: Time (s): cpu = 00:00:00 ; elapsed = 00:00:00.037 . Memory (MB): peak = 616.344 ; gain = 0.000
INFO: [Common 17-206] Exiting Vivado at Sun Dec  3 02:00:17 2017...
