#-----------------------------------------------------------
# Vivado v2017.3 (64-bit)
# SW Build 2018833 on Wed Oct  4 19:58:22 MDT 2017
# IP Build 2016188 on Wed Oct  4 21:52:56 MDT 2017
# Start of session at: Wed Nov  1 00:58:44 2017
# Process ID: 7952
# Current directory: C:/Users/Anvi/Desktop/ESE_Project/Multimedia_Unit_Project/Multimedia_Unit_Project.sim/sim_1/behav/xsim
# Command line: vivado.exe -gui_launcher_event rodinguilauncherevent8428 C:\Users\Anvi\Desktop\ESE_Project\Multimedia_Unit_Project\Multimedia_Unit_Project.sim\sim_1\behav\xsim\register_file_tb_behav.wdb
# Log file: C:/Users/Anvi/Desktop/ESE_Project/Multimedia_Unit_Project/Multimedia_Unit_Project.sim/sim_1/behav/xsim/vivado.log
# Journal file: C:/Users/Anvi/Desktop/ESE_Project/Multimedia_Unit_Project/Multimedia_Unit_Project.sim/sim_1/behav/xsim\vivado.jou
#-----------------------------------------------------------
start_gui
open_wave_database {C:\Users\Anvi\Desktop\ESE_Project\Multimedia_Unit_Project\Multimedia_Unit_Project.sim\sim_1\behav\xsim\register_file_tb_behav.wdb}
INFO: [IP_Flow 19-234] Refreshing IP repositories
INFO: [IP_Flow 19-1704] No user IP repositories specified
INFO: [IP_Flow 19-2313] Loaded Vivado IP repository 'C:/Xilinx/Vivado/2017.3/data/ip'.
close_sim
INFO: [Simtcl 6-16] Simulation closed
exit
INFO: [Common 17-206] Exiting Vivado at Wed Nov  1 00:59:19 2017...
