#-----------------------------------------------------------
# Vivado v2017.3 (64-bit)
# SW Build 2018833 on Wed Oct  4 19:58:22 MDT 2017
# IP Build 2016188 on Wed Oct  4 21:52:56 MDT 2017
# Start of session at: Fri Nov  3 23:02:31 2017
# Process ID: 2416
# Current directory: C:/Users/Anvi/Desktop/ESE_345_PROJECT/Multimedia_Unit_Project
# Command line: vivado.exe -gui_launcher_event rodinguilauncherevent13648 C:\Users\Anvi\Desktop\ESE_345_PROJECT\Multimedia_Unit_Project\Multimedia_Unit_Project.xpr
# Log file: C:/Users/Anvi/Desktop/ESE_345_PROJECT/Multimedia_Unit_Project/vivado.log
# Journal file: C:/Users/Anvi/Desktop/ESE_345_PROJECT/Multimedia_Unit_Project\vivado.jou
#-----------------------------------------------------------
start_gui
open_project C:/Users/Anvi/Desktop/ESE_345_PROJECT/Multimedia_Unit_Project/Multimedia_Unit_Project.xpr
Scanning sources...
Finished scanning sources
INFO: [IP_Flow 19-234] Refreshing IP repositories
INFO: [IP_Flow 19-1704] No user IP repositories specified
INFO: [IP_Flow 19-2313] Loaded Vivado IP repository 'C:/Xilinx/Vivado/2017.3/data/ip'.
update_compile_order -fileset sources_1
export_ip_user_files -of_objects  [get_files C:/Users/Anvi/Desktop/ESE_345_PROJECT/Multimedia_Unit_Project/Multimedia_Unit_Project.srcs/sources_1/new/multimedia_ALU.vhd] -no_script -reset -force -quiet
export_ip_user_files -of_objects  [get_files C:/Users/Anvi/Desktop/ESE_345_PROJECT/Multimedia_Unit_Project/Multimedia_Unit_Project.srcs/sources_1/new/multimedia_ALU_2.vhd] -no_script -reset -force -quiet
remove_files  {C:/Users/Anvi/Desktop/ESE_345_PROJECT/Multimedia_Unit_Project/Multimedia_Unit_Project.srcs/sources_1/new/multimedia_ALU.vhd C:/Users/Anvi/Desktop/ESE_345_PROJECT/Multimedia_Unit_Project/Multimedia_Unit_Project.srcs/sources_1/new/multimedia_ALU_2.vhd}
file delete -force C:/Users/Anvi/Desktop/ESE_345_PROJECT/Multimedia_Unit_Project/Multimedia_Unit_Project.srcs/sources_1/new/multimedia_ALU.vhd C:/Users/Anvi/Desktop/ESE_345_PROJECT/Multimedia_Unit_Project/Multimedia_Unit_Project.srcs/sources_1/new/multimedia_ALU_2.vhd
add_files -norecurse {C:/Users/Anvi/Desktop/project_1/project_1.srcs/sources_1/new/ALU_1.vhd C:/Users/Anvi/Desktop/project_1/project_1.srcs/sources_1/new/ALU_2.vhd}
update_compile_order -fileset sources_1
import_files
INFO: [filemgmt 20-334] All file(s) are already imported in fileset: 'sim_1'
INFO: [filemgmt 20-348] Importing the appropriate files for fileset: 'sim_1'
INFO: [filemgmt 20-348] Importing the appropriate files for fileset: 'sources_1'
ERROR: [filemgmt 56-220] Caught exception before/during exec of srcscanner. (ERROR: [Common 17-70] Application Exception: Failed to open logFile
)
ERROR: [filemgmt 56-220] Caught exception before/during exec of srcscanner. (ERROR: [Common 17-70] Application Exception: Failed to open logFile
)
move_files -fileset sim_1 [get_files  C:/Users/Anvi/Desktop/ESE_345_PROJECT/Multimedia_Unit_Project/Multimedia_Unit_Project.srcs/sources_1/imports/new/ALU_2.vhd]
move_files [get_files  C:/Users/Anvi/Desktop/ESE_345_PROJECT/Multimedia_Unit_Project/Multimedia_Unit_Project.srcs/sources_1/imports/new/ALU_2.vhd]
export_ip_user_files -of_objects  [get_files C:/Users/Anvi/Desktop/ESE_345_PROJECT/Multimedia_Unit_Project/Multimedia_Unit_Project.srcs/sources_1/imports/new/ALU_2.vhd] -no_script -reset -force -quiet
remove_files  C:/Users/Anvi/Desktop/ESE_345_PROJECT/Multimedia_Unit_Project/Multimedia_Unit_Project.srcs/sources_1/imports/new/ALU_2.vhd
file delete -force C:/Users/Anvi/Desktop/ESE_345_PROJECT/Multimedia_Unit_Project/Multimedia_Unit_Project.srcs/sources_1/imports/new/ALU_2.vhd
close [ open C:/Users/Anvi/Desktop/ESE_345_PROJECT/Multimedia_Unit_Project/Multimedia_Unit_Project.srcs/sources_1/new/ALU_2.vhd w ]
add_files C:/Users/Anvi/Desktop/ESE_345_PROJECT/Multimedia_Unit_Project/Multimedia_Unit_Project.srcs/sources_1/new/ALU_2.vhd
update_compile_order -fileset sources_1
exit
INFO: [Common 17-206] Exiting Vivado at Sat Nov  4 00:44:23 2017...
