#-----------------------------------------------------------
# Vivado v2017.3 (64-bit)
# SW Build 2018833 on Wed Oct  4 19:58:22 MDT 2017
# IP Build 2016188 on Wed Oct  4 21:52:56 MDT 2017
# Start of session at: Sat Nov  4 14:31:38 2017
# Process ID: 13892
# Current directory: C:/Users/Anvi/Desktop/ESE_345_PROJECT/Multimedia_Unit_Project
# Command line: vivado.exe -gui_launcher_event rodinguilauncherevent3572 C:\Users\Anvi\Desktop\ESE_345_PROJECT\Multimedia_Unit_Project\Multimedia_Unit_Project.xpr
# Log file: C:/Users/Anvi/Desktop/ESE_345_PROJECT/Multimedia_Unit_Project/vivado.log
# Journal file: C:/Users/Anvi/Desktop/ESE_345_PROJECT/Multimedia_Unit_Project\vivado.jou
#-----------------------------------------------------------
start_gui
open_project C:/Users/Anvi/Desktop/ESE_345_PROJECT/Multimedia_Unit_Project/Multimedia_Unit_Project.xpr
Scanning sources...
Finished scanning sources
INFO: [IP_Flow 19-234] Refreshing IP repositories
INFO: [IP_Flow 19-1704] No user IP repositories specified
INFO: [IP_Flow 19-2313] Loaded Vivado IP repository 'C:/Xilinx/Vivado/2017.3/data/ip'.
update_compile_order -fileset sources_1
exit
